<?xml version="1.0" encoding="UTF-8"?>
<testsuite xmlns:xsi="http://www.w3.org/2001/XMLSchema-instance" xsi:noNamespaceSchemaLocation="https://maven.apache.org/surefire/maven-surefire-plugin/xsd/surefire-test-report.xsd" name="hn.uth.ejercicio1_bryan_cruz.AppTest" time="0.077" tests="12" errors="0" skipped="0" failures="0">
  <properties>
[...]
</properties>
  <testcase name="AreaTriangulo" classname="hn.uth.ejercicio1_bryan_cruz.AppTest" time="0.004"/>
  <testcase name="AreaRectangulo" classname="hn.uth.ejercicio1_bryan_cruz.AppTest" time="0"/>
  <testcase name="AreaCuadradoDecimal" classname="hn.uth.ejercicio1_bryan_cruz.AppTest" time="0"/>
  <testcase name="AreaTrianguloDecimal" classname="hn.uth.ejercicio1_bryan_cruz.AppTest" time="0"/>
  <testcase name="AreaCuadrado" classname="hn.uth.ejercicio1_bryan_cruz.AppTest" time="0"/>
  <testcase name="AreaTrianguloDecimalMarjen" classname="hn.uth.ejercicio1_bryan_cruz.AppTest" time="0.001"/>
  <testcase name="AreaCirculo" classname="hn.uth.ejercicio1_bryan_cruz.AppTest" time="0"/>
  <testcase name="AreaRectangulodecimal" classname="hn.uth.ejercicio1_bryan_cruz.AppTest" time="0"/>
  <testcase name="AreaRectangulodecimalnMargen" classname="hn.uth.ejercicio1_bryan_cruz.AppTest" time="0"/>
  <testcase name="AreaCirculoMayorDecimal" classname="hn.uth.ejercicio1_bryan_cruz.AppTest" time="0"/>
  <testcase name="AreaCirculo2" classname="hn.uth.ejercicio1_bryan_cruz.AppTest" time="0"/>
  <testcase name="AreaCuadradoDecimalConMargen" classname="hn.uth.ejercicio1_bryan_cruz.AppTest" time="0"/>
</testsuite>